<?xml version="1.0" encoding="UTF-8"?>
<testsuite xmlns:xsi="http://www.w3.org/2001/XMLSchema-instance" xsi:schemaLocation="https://maven.apache.org/surefire/maven-surefire-plugin/xsd/surefire-test-report.xsd" name="TestSuite" time="20.134" tests="2" errors="0" skipped="0" failures="1">
  <properties>
[...]
</properties>
  <testcase name="verifyClick" classname="home.ClickTest" time="9.476">
    <failure type="java.lang.AssertionError:">java.lang.AssertionError: 
	at home.ClickTest.verifyClick(ClickTest.java:21)
</failure>
  </testcase>
  <testcase name="verifyTest" classname="home.ClickTest" time="4.205"/>
</testsuite>